<?xml version="1.0" encoding="UTF-8" ?>
<testsuite tests="1" failures="0" name="com.itbin.flink.AppTest" time="0.001" errors="0" skipped="0">
  <properties>
    <property name="java.runtime.name" value="Java(TM) SE Runtime Environment"/>
    <property name="sun.boot.library.path" value="D:\Soft\Java\JDK\jre\bin"/>
    <property name="java.vm.version" value="25.65-b01"/>
    <property name="java.vm.vendor" value="Oracle Corporation"/>
    <property name="maven.multiModuleProjectDirectory" value="D:\Data\JavaData\flink-study-project"/>
    <property name="java.vendor.url" value="http://java.oracle.com/"/>
    <property name="path.separator" value=";"/>
    <property name="guice.disable.misplaced.annotation.check" value="true"/>
    <property name="java.vm.name" value="Java HotSpot(TM) 64-Bit Server VM"/>
    <property name="file.encoding.pkg" value="sun.io"/>
    <property name="user.script" value=""/>
    <property name="user.country" value="CN"/>
    <property name="sun.java.launcher" value="SUN_STANDARD"/>
    <property name="sun.os.patch.level" value=""/>
    <property name="java.vm.specification.name" value="Java Virtual Machine Specification"/>
    <property name="user.dir" value="D:\Data\JavaData\flink-study-project"/>
    <property name="java.runtime.version" value="1.8.0_65-b17"/>
    <property name="java.awt.graphicsenv" value="sun.awt.Win32GraphicsEnvironment"/>
    <property name="java.endorsed.dirs" value="D:\Soft\Java\JDK\jre\lib\endorsed"/>
    <property name="os.arch" value="amd64"/>
    <property name="java.io.tmpdir" value="C:\Users\LIBIN\AppData\Local\Temp\"/>
    <property name="line.separator" value="
"/>
    <property name="java.vm.specification.vendor" value="Oracle Corporation"/>
    <property name="user.variant" value=""/>
    <property name="os.name" value="Windows 10"/>
    <property name="classworlds.conf" value="D:\Soft\apache-maven-3.5.0\bin\..\bin\m2.conf"/>
    <property name="sun.jnu.encoding" value="GBK"/>
    <property name="java.library.path" value="D:\Soft\Java\JDK\bin;C:\WINDOWS\Sun\Java\bin;C:\WINDOWS\system32;C:\WINDOWS;D:\Soft\Java\JDK\bin;D:\Soft\Java\JRE\bin;C:\Program Files (x86)\Microsoft SDKs\Azure\CLI2\wbin;C:\Program Files (x86)\Common Files\NetSarang;D:\Soft\Python\;D:\Soft\Python\Scripts;&quot;;D:\Soft\Java\JDK\bin;D:\Soft\Java\JDK\jre\bin&quot;;C:\ProgramData\Oracle\Java\javapath;C:\Windows\system32;C:\Windows;C:\Windows\System32\Wbem;C:\Windows\System32\WindowsPowerShell\v1.0\;C:\Program Files\dotnet\;C:\Program Files\Microsoft SQL Server\130\Tools\Binn\;C:\Program Files (x86)\Microsoft SQL Server\130\Tools\Binn\;C:\Program Files (x86)\Microsoft SQL Server\130\DTS\Binn\;C:\Program Files\Microsoft SQL Server\130\DTS\Binn\;C:\Program Files\Microsoft SQL Server\Client SDK\ODBC\130\Tools\Binn\;C:\Program Files (x86)\Microsoft SQL Server\Client SDK\ODBC\130\Tools\Binn\;C:\Program Files (x86)\Microsoft SQL Server\130\Tools\Binn\ManagementStudio\;D:\Soft\Git\Git\cmd;C:\Users\LIBIN\AppData\Local\Microsoft\WindowsApps;D:\Soft\Hadoop\hadoop-2.7.6\bin;D:\Soft\Node\nvm;D:\Soft\Node\nodejs;&quot;D:\Soft\apache-tomcat-9.0.8\lib;D:\Soft\apache-tomcat-9.0.8\bin&quot;;D:\Soft\apache-maven-3.5.0\bin;D:\Soft\AndroidSDK\platform-tools;C:\WINDOWS\system32;C:\WINDOWS;C:\WINDOWS\System32\Wbem;C:\WINDOWS\System32\WindowsPowerShell\v1.0\;C:\WINDOWS\System32\OpenSSH\;&quot;D:\Soft\MySql\mysql-5.7.24-winx64\bin;D:\Soft\Redis\;D:\Soft\OpenSSL\OpenSSL-Win64\bin;D:\Soft\Zookeeper\zookeeper-3.4.12\bin;D:\Soft\Go\bin;D:\Soft\Go\bin;D:\Data\GoData\bin;D:\Soft\TDMGCC\bin;D:\Soft\MongoDB\bin;&quot;;&quot;C:\Users\LIBIN\.azure-kubectl;C:\Program Files\Intel\WiFi\bin\;C:\Program Files\Common Files\Intel\WirelessCommon\&quot;;D:\Soft\Zookeeper\zookeeper-3.4.12\bin;C:\Users\LIBIN\AppData\Local\Microsoft\WindowsApps;D:\Soft\VSCode\Microsoft VS Code\bin;D:\Soft\Fiddler;C:\Users\LIBIN\AppData\Local\Microsoft\WindowsApps;C:\Users\LIBIN\go\bin;&quot;D:\Data\GoData\bin;&quot;;C:\Users\LIBIN\.azure-kubectl;;."/>
    <property name="maven.conf" value="D:\Soft\apache-maven-3.5.0\bin\../conf"/>
    <property name="java.specification.name" value="Java Platform API Specification"/>
    <property name="java.class.version" value="52.0"/>
    <property name="sun.management.compiler" value="HotSpot 64-Bit Tiered Compilers"/>
    <property name="os.version" value="10.0"/>
    <property name="library.jansi.path" value="D:\Soft\apache-maven-3.5.0\bin\..\lib\jansi-native\windows64"/>
    <property name="user.home" value="C:\Users\LIBIN"/>
    <property name="user.timezone" value="Asia/Shanghai"/>
    <property name="java.awt.printerjob" value="sun.awt.windows.WPrinterJob"/>
    <property name="java.specification.version" value="1.8"/>
    <property name="file.encoding" value="GBK"/>
    <property name="user.name" value="LIBIN"/>
    <property name="java.class.path" value="D:\Soft\apache-maven-3.5.0\bin\..\boot\plexus-classworlds-2.5.2.jar"/>
    <property name="java.vm.specification.version" value="1.8"/>
    <property name="sun.arch.data.model" value="64"/>
    <property name="java.home" value="D:\Soft\Java\JDK\jre"/>
    <property name="sun.java.command" value="org.codehaus.plexus.classworlds.launcher.Launcher package"/>
    <property name="java.specification.vendor" value="Oracle Corporation"/>
    <property name="user.language" value="zh"/>
    <property name="awt.toolkit" value="sun.awt.windows.WToolkit"/>
    <property name="java.vm.info" value="mixed mode"/>
    <property name="java.version" value="1.8.0_65"/>
    <property name="java.ext.dirs" value="D:\Soft\Java\JDK\jre\lib\ext;C:\WINDOWS\Sun\Java\lib\ext"/>
    <property name="sun.boot.class.path" value="D:\Soft\Java\JDK\jre\lib\resources.jar;D:\Soft\Java\JDK\jre\lib\rt.jar;D:\Soft\Java\JDK\jre\lib\sunrsasign.jar;D:\Soft\Java\JDK\jre\lib\jsse.jar;D:\Soft\Java\JDK\jre\lib\jce.jar;D:\Soft\Java\JDK\jre\lib\charsets.jar;D:\Soft\Java\JDK\jre\lib\jfr.jar;D:\Soft\Java\JDK\jre\classes"/>
    <property name="sun.stderr.encoding" value="ms936"/>
    <property name="java.vendor" value="Oracle Corporation"/>
    <property name="maven.home" value="D:\Soft\apache-maven-3.5.0\bin\.."/>
    <property name="file.separator" value="\"/>
    <property name="java.vendor.url.bug" value="http://bugreport.sun.com/bugreport/"/>
    <property name="sun.cpu.endian" value="little"/>
    <property name="sun.io.unicode.encoding" value="UnicodeLittle"/>
    <property name="sun.stdout.encoding" value="ms936"/>
    <property name="sun.desktop" value="windows"/>
    <property name="sun.cpu.isalist" value="amd64"/>
  </properties>
  <testcase classname="com.itbin.flink.AppTest" name="shouldAnswerWithTrue" time="0.001"/>
</testsuite>